\BOOKMARK [1][-]{section.1}{\376\377\000I\000n\000t\000r\000o\000d\000u\000c\000t\000i\000o\000n}{}% 1
\BOOKMARK [1][-]{section.2}{\376\377\000A\000u\000t\000o\000s\000e\000g\000m\000e\000n\000t\000a\000l\000\040\000a\000n\000d\000\040\000S\000t\000r\000i\000n\000g\000\040\000R\000e\000p\000r\000e\000s\000e\000n\000t\000a\000t\000i\000o\000n\000\040}{}% 2
\BOOKMARK [2][-]{subsection.2.1}{\376\377\000C\000o\000m\000p\000l\000e\000x\000\040\000t\000o\000n\000e\000s\000\040\000o\000v\000e\000r\000\040\000A\000R\000s}{section.2}% 3
\BOOKMARK [2][-]{subsection.2.2}{\376\377\000M\000e\000l\000o\000d\000i\000c\000\040\000T\000o\000n\000a\000l\000\040\000R\000e\000s\000t\000r\000i\000c\000t\000i\000o\000n}{section.2}% 4
\BOOKMARK [2][-]{subsection.2.3}{\376\377\000N\000o\000n\000-\000l\000o\000c\000a\000l\000\040\000t\000o\000n\000a\000l\000\040\000p\000a\000t\000t\000e\000r\000n\000s}{section.2}% 5
\BOOKMARK [1][-]{section.3}{\376\377\000P\000r\000e\000l\000i\000m\000i\000n\000a\000r\000i\000e\000s}{}% 6
\BOOKMARK [2][-]{subsection.3.1}{\376\377\000S\000t\000r\000i\000n\000g\000s\000\040\000a\000n\000d\000\040\000t\000h\000e\000i\000r\000\040\000R\000e\000p\000r\000e\000s\000e\000n\000t\000a\000t\000i\000o\000n\000s}{section.3}% 7
\BOOKMARK [2][-]{subsection.3.2}{\376\377\000A\000R\000s\000\040\000a\000s\000\040\000U\000n\000c\000o\000n\000v\000e\000n\000t\000i\000o\000n\000a\000l\000\040\000M\000o\000d\000e\000l\000s}{section.3}% 8
\BOOKMARK [1][-]{section.4}{\376\377\000L\000e\000a\000r\000n\000i\000n\000g\000\040\000A\000u\000t\000o\000s\000e\000g\000m\000e\000n\000t\000a\000l\000\040\000R\000e\000p\000r\000e\000s\000e\000n\000t\000a\000t\000i\000o\000n\000s}{}% 9
\BOOKMARK [2][-]{subsection.4.1}{\376\377\000A\000\040\000B\000o\000t\000t\000o\000m\000-\000U\000p\000\040\000L\000e\000a\000r\000n\000i\000n\000g\000\040\000A\000l\000g\000o\000r\000i\000t\000h\000m}{section.4}% 10
\BOOKMARK [2][-]{subsection.4.2}{\376\377\000I\000m\000p\000l\000e\000m\000e\000n\000t\000i\000n\000g\000\040\000B\000U\000F\000I\000A\000\040\000o\000v\000e\000r\000\040\000A\000u\000t\000o\000s\000e\000g\000m\000e\000n\000t\000a\000l\000\040\000R\000e\000p\000r\000e\000s\000e\000n\000t\000a\000t\000i\000o\000n\000s}{section.4}% 11
\BOOKMARK [3][-]{subsubsection.4.2.1}{\376\377\000C\000o\000n\000t\000a\000i\000n}{subsection.4.2}% 12
\BOOKMARK [3][-]{subsubsection.4.2.2}{\376\377\000N\000e\000x\000t\000\040\000A\000u\000t\000o\000s\000e\000g\000m\000e\000n\000t\000a\000l\000\040\000S\000t\000r\000u\000c\000t\000u\000r\000e}{subsection.4.2}% 13
\BOOKMARK [1][-]{section.5}{\376\377\000C\000a\000s\000e\000\040\000S\000t\000u\000d\000y\000:\000\040\000H\000a\000u\000s\000a}{}% 14
\BOOKMARK [2][-]{subsection.5.1}{\376\377\000T\000o\000n\000o\000l\000o\000g\000y\000\040\000o\000f\000\040\000H\000a\000u\000s\000a}{section.5}% 15
\BOOKMARK [2][-]{subsection.5.2}{\376\377\000D\000a\000t\000a\000\040\000P\000r\000e\000p\000a\000r\000a\000t\000i\000o\000n}{section.5}% 16
\BOOKMARK [2][-]{subsection.5.3}{\376\377\000R\000e\000p\000r\000e\000s\000e\000n\000t\000a\000t\000i\000o\000n\000\040\000C\000o\000n\000v\000e\000r\000s\000i\000o\000n}{section.5}% 17
\BOOKMARK [2][-]{subsection.5.4}{\376\377\000I\000m\000p\000l\000e\000m\000e\000n\000t\000i\000n\000g\000\040\000B\000U\000F\000I\000A\000\040\000o\000v\000e\000r\000\040\000A\000R\000s}{section.5}% 18
\BOOKMARK [1][-]{section.6}{\376\377\000R\000e\000s\000u\000l\000t\000s\000\040\000a\000n\000d\000\040\000D\000i\000s\000c\000u\000s\000s\000i\000o\000n}{}% 19
\BOOKMARK [1][-]{section.7}{\376\377\000C\000o\000n\000c\000l\000u\000s\000i\000o\000n}{}% 20
\BOOKMARK [1][-]{appendix.A}{\376\377\000H\000a\000u\000s\000a\000\040\000A\000u\000t\000o\000s\000e\000g\000m\000e\000n\000t\000a\000l\000\040\000S\000t\000r\000u\000c\000t\000u\000r\000e\000s}{}% 21
\BOOKMARK [1][-]{appendix.B}{\376\377\000H\000a\000u\000s\000a\000\040\000C\000o\000n\000s\000t\000r\000a\000i\000n\000t\000s}{}% 22
\BOOKMARK [1][-]{appendix.C}{\376\377\000L\000L\000H\000\040\000a\000n\000d\000\040\000H\000L\000L\000\040\000p\000a\000t\000t\000e\000r\000n\000s\000\040\000i\000n\000\040\000H\000a\000u\000s\000a}{}% 23
